Pattern 1
(0, 1, 'A', 'B', '_')

Pattern 2
(0, 1, 'A', 'B', '_')
(1, 2, 'B', 'Q', '_')

Pattern 3
(0, 1, 'A', 'Q', '_')

Pattern 4
(0, 1, 'I', 'Q', '_')

Pattern 5
(0, 1, 'I', 'Q', '_')
(1, 2, 'Q', 'M', '_')

Pattern 6
(0, 1, 'M', 'Q', '_')

Pattern 7
(0, 1, 'I', 'M', '_')

Pattern 8
(0, 1, 'I', 'M', '_')
(0, 2, 'I', 'Q', '_')

Pattern 9
(0, 1, 'I', 'M', '_')
(1, 2, 'M', 'Q', '_')

Pattern 10
(0, 1, 'I', 'M', '_')
(1, 2, 'M', 'Q', '_')
(2, 0, 'Q', 'I', '_')

Pattern 11
(0, 1, 'B', 'Q', '_')

Pattern 12
(0, 1, 'B', 'Q', '_')
(1, 2, 'Q', 'M', '_')

